<?xml version="1.0" encoding="UTF-8"?>
<testsuite name="org.fisco.bcos.PrecompiledServiceApiTest" tests="1" skipped="0" failures="0" errors="0" timestamp="2020-06-24T19:20:57" hostname="lizhaoliu-virtual-machine" time="0.436">
  <properties/>
  <testcase name="testSystemConfigService" classname="org.fisco.bcos.PrecompiledServiceApiTest" time="0.436"/>
  <system-out><![CDATA[2020-06-25 03:20:57,749 [Test worker] INFO  [o.s.b.t.context.SpringBootTestContextBootstrapper] AbstractTestContextBootstrapper.java:308 - Neither @ContextConfiguration nor @ContextHierarchy found for test class [org.fisco.bcos.PrecompiledServiceApiTest], using SpringBootContextLoader
2020-06-25 03:20:57,755 [Test worker] INFO  [o.s.test.context.support.AbstractContextLoader] AbstractContextLoader.java:264 - Could not detect default resource locations for test class [org.fisco.bcos.PrecompiledServiceApiTest]: no resource found for suffixes {-context.xml, Context.groovy}.
2020-06-25 03:20:57,791 [Test worker] INFO  [o.s.b.t.context.SpringBootTestContextBootstrapper] AbstractTestContextBootstrapper.java:248 - Loaded default TestExecutionListener class names from location [META-INF/spring.factories]: [org.springframework.boot.test.autoconfigure.restdocs.RestDocsTestExecutionListener, org.springframework.boot.test.autoconfigure.web.client.MockRestServiceServerResetTestExecutionListener, org.springframework.boot.test.autoconfigure.web.servlet.MockMvcPrintOnlyOnFailureTestExecutionListener, org.springframework.boot.test.autoconfigure.web.servlet.WebDriverTestExecutionListener, org.springframework.boot.test.mock.mockito.MockitoTestExecutionListener, org.springframework.boot.test.mock.mockito.ResetMocksTestExecutionListener, org.springframework.test.context.web.ServletTestExecutionListener, org.springframework.test.context.support.DirtiesContextBeforeModesTestExecutionListener, org.springframework.test.context.support.DependencyInjectionTestExecutionListener, org.springframework.test.context.support.DirtiesContextTestExecutionListener, org.springframework.test.context.transaction.TransactionalTestExecutionListener, org.springframework.test.context.jdbc.SqlScriptsTestExecutionListener]
2020-06-25 03:20:57,797 [Test worker] INFO  [o.s.b.t.context.SpringBootTestContextBootstrapper] AbstractTestContextBootstrapper.java:177 - Using TestExecutionListeners: [org.springframework.test.context.support.DirtiesContextBeforeModesTestExecutionListener@7051fb9c, org.springframework.boot.test.mock.mockito.MockitoTestExecutionListener@33707410, org.springframework.boot.test.autoconfigure.SpringBootDependencyInjectionTestExecutionListener@24fb3c8, org.springframework.test.context.support.DirtiesContextTestExecutionListener@52c1e1cd, org.springframework.test.context.transaction.TransactionalTestExecutionListener@2d337d12, org.springframework.test.context.jdbc.SqlScriptsTestExecutionListener@1dd35c50, org.springframework.boot.test.autoconfigure.restdocs.RestDocsTestExecutionListener@627d7dd1, org.springframework.boot.test.autoconfigure.web.client.MockRestServiceServerResetTestExecutionListener@3fef37da, org.springframework.boot.test.autoconfigure.web.servlet.MockMvcPrintOnlyOnFailureTestExecutionListener@98206d8, org.springframework.boot.test.autoconfigure.web.servlet.WebDriverTestExecutionListener@e34fa64, org.springframework.boot.test.mock.mockito.ResetMocksTestExecutionListener@72e9d86]
2020-06-25 03:20:58,179 [nioEventLoopGroup-2-2] INFO  [org.fisco.bcos.channel.client.Service] Service.java:1388 - Receive block notify: {"blockNumber":3,"groupID":1}

2020-06-25 03:20:58,194 [nioEventLoopGroup-2-1] INFO  [org.fisco.bcos.channel.client.Service] Service.java:1388 - Receive block notify: {"blockNumber":3,"groupID":1}

2000
]]></system-out>
  <system-err><![CDATA[]]></system-err>
</testsuite>
