<?xml version="1.0" encoding="UTF-8"?>
<testsuite name="org.fisco.bcos.server.Channel2Server" tests="1" skipped="0" failures="0" errors="0" timestamp="2020-06-24T19:20:52" hostname="lizhaoliu-virtual-machine" time="3.011">
  <properties/>
  <testcase name="channel2ServerTest" classname="org.fisco.bcos.server.Channel2Server" time="3.011"/>
  <system-out><![CDATA[2020-06-25 03:20:52,847 [Test worker] INFO  [o.s.b.t.context.SpringBootTestContextBootstrapper] AbstractTestContextBootstrapper.java:308 - Neither @ContextConfiguration nor @ContextHierarchy found for test class [org.fisco.bcos.server.Channel2Server], using SpringBootContextLoader
2020-06-25 03:20:52,854 [Test worker] INFO  [o.s.test.context.support.AbstractContextLoader] AbstractContextLoader.java:264 - Could not detect default resource locations for test class [org.fisco.bcos.server.Channel2Server]: no resource found for suffixes {-context.xml, Context.groovy}.
2020-06-25 03:20:52,890 [Test worker] INFO  [o.s.b.t.context.SpringBootTestContextBootstrapper] AbstractTestContextBootstrapper.java:248 - Loaded default TestExecutionListener class names from location [META-INF/spring.factories]: [org.springframework.boot.test.autoconfigure.restdocs.RestDocsTestExecutionListener, org.springframework.boot.test.autoconfigure.web.client.MockRestServiceServerResetTestExecutionListener, org.springframework.boot.test.autoconfigure.web.servlet.MockMvcPrintOnlyOnFailureTestExecutionListener, org.springframework.boot.test.autoconfigure.web.servlet.WebDriverTestExecutionListener, org.springframework.boot.test.mock.mockito.MockitoTestExecutionListener, org.springframework.boot.test.mock.mockito.ResetMocksTestExecutionListener, org.springframework.test.context.web.ServletTestExecutionListener, org.springframework.test.context.support.DirtiesContextBeforeModesTestExecutionListener, org.springframework.test.context.support.DependencyInjectionTestExecutionListener, org.springframework.test.context.support.DirtiesContextTestExecutionListener, org.springframework.test.context.transaction.TransactionalTestExecutionListener, org.springframework.test.context.jdbc.SqlScriptsTestExecutionListener]
2020-06-25 03:20:52,900 [Test worker] INFO  [o.s.b.t.context.SpringBootTestContextBootstrapper] AbstractTestContextBootstrapper.java:177 - Using TestExecutionListeners: [org.springframework.test.context.support.DirtiesContextBeforeModesTestExecutionListener@283329bf, org.springframework.boot.test.mock.mockito.MockitoTestExecutionListener@19c75157, org.springframework.boot.test.autoconfigure.SpringBootDependencyInjectionTestExecutionListener@795dcbf, org.springframework.test.context.support.DirtiesContextTestExecutionListener@256c0a18, org.springframework.test.context.transaction.TransactionalTestExecutionListener@14a3a1db, org.springframework.test.context.jdbc.SqlScriptsTestExecutionListener@37cd17f1, org.springframework.boot.test.autoconfigure.restdocs.RestDocsTestExecutionListener@1e945593, org.springframework.boot.test.autoconfigure.web.client.MockRestServiceServerResetTestExecutionListener@5bedb093, org.springframework.boot.test.autoconfigure.web.servlet.MockMvcPrintOnlyOnFailureTestExecutionListener@52c97f4c, org.springframework.boot.test.autoconfigure.web.servlet.WebDriverTestExecutionListener@d64987b, org.springframework.boot.test.mock.mockito.ResetMocksTestExecutionListener@31607c89]
3s...
2s...
1s...
start test
===================================================================
]]></system-out>
  <system-err><![CDATA[]]></system-err>
</testsuite>
